2019-18-11 13:22:21   INFO [pages.LasVegasPage] : Soglasen
2019-18-11 13:25:41   INFO [pages.LasVegasPage] : Soglasen
2019-18-11 13:27:18   INFO [pages.LasVegasPage] : Soglasen
2019-18-11 13:33:14   INFO [pages.LasVegasPage] : Soglasen
2019-18-11 13:35:32   INFO [pages.LasVegasPage] : Soglasen
2019-18-11 13:36:17   INFO [pages.LasVegasPage] : Soglasen
2019-18-11 13:45:43   INFO [pages.LasVegasPage] : Soglasen
2019-18-11 13:45:45   INFO [pages.LasVegasPage] : Propustil
2019-18-11 13:45:45   INFO [pages.LasVegasPage] : URA
2019-18-11 13:49:19   INFO [pages.LasVegasPage] : Soglasen
2019-18-11 13:49:21   INFO [pages.LasVegasPage] : Propustil
2019-18-11 13:49:21   INFO [pages.LasVegasPage] : URA
2019-18-11 13:49:22   INFO [pages.LasVegasPage] : hobbit.love.vedmochka+17 was inputed success
2019-18-11 13:49:22   INFO [pages.LasVegasPage] : Parol123 was inputed success
2019-18-11 13:49:22   INFO [pages.LasVegasPage] : Click was success
2019-18-11 13:55:52   INFO [pages.LasVegasPage] : Soglasen
2019-18-11 13:55:53   INFO [pages.LasVegasPage] : Propustil
2019-18-11 13:55:53   INFO [pages.LasVegasPage] : URA
2019-18-11 13:55:54   INFO [pages.LasVegasPage] : hobbit.love.vedmochka+17 was inputed success
2019-18-11 13:55:54   INFO [pages.LasVegasPage] : Parol123 was inputed success
2019-18-11 13:55:54   INFO [pages.LasVegasPage] : Click was success
2019-18-11 14:07:02   INFO [pages.LasVegasPage] : Soglasen
2019-18-11 14:07:04   INFO [pages.LasVegasPage] : Propustil
2019-18-11 14:07:04   INFO [pages.LasVegasPage] : URA
2019-18-11 14:07:04   INFO [pages.LasVegasPage] : hobbit.love.vedmochka+17 was inputed success
2019-18-11 14:07:04   INFO [pages.LasVegasPage] : Parol123 was inputed success
2019-18-11 14:07:04   INFO [pages.LasVegasPage] : Click was success
2019-19-11 13:34:08   INFO [pages.LasVegasPage] : Soglasen
2019-19-11 13:34:10   INFO [pages.LasVegasPage] : Propustil
2019-19-11 13:34:10   INFO [pages.LasVegasPage] : URA
2019-19-11 13:34:10   INFO [pages.LasVegasPage] : hobbit.love.vedmochka+17 was inputed success
2019-19-11 13:34:11   INFO [pages.LasVegasPage] : Parol123 was inputed success
2019-19-11 13:34:11   INFO [pages.LasVegasPage] : Click was success
2019-19-11 13:35:28   INFO [pages.LasVegasPage] : Soglasen
2019-19-11 13:35:30   INFO [pages.LasVegasPage] : Propustil
2019-19-11 13:35:30   INFO [pages.LasVegasPage] : URA
2019-19-11 13:35:30   INFO [pages.LasVegasPage] : hobbit.love.vedmochka+17 was inputed success
2019-19-11 13:35:31   INFO [pages.LasVegasPage] : Parol123 was inputed success
2019-19-11 13:35:31   INFO [pages.LasVegasPage] : Click was success
2019-19-11 13:35:35   INFO [pages.LasVegasPage] : kupil
2019-19-11 13:35:35   INFO [pages.LasVegasPage] : Prodovgziv
2019-19-11 13:37:04   INFO [pages.LasVegasPage] : Soglasen
2019-19-11 13:37:05   INFO [pages.LasVegasPage] : Propustil
2019-19-11 13:37:06   INFO [pages.LasVegasPage] : URA
2019-19-11 13:37:06   INFO [pages.LasVegasPage] : hobbit.love.vedmochka+17 was inputed success
2019-19-11 13:37:06   INFO [pages.LasVegasPage] : Parol123 was inputed success
2019-19-11 13:37:06   INFO [pages.LasVegasPage] : Click was success
2019-19-11 13:37:53   INFO [pages.LasVegasPage] : Soglasen
2019-19-11 13:37:55   INFO [pages.LasVegasPage] : Propustil
2019-19-11 13:37:55   INFO [pages.LasVegasPage] : URA
2019-19-11 13:37:55   INFO [pages.LasVegasPage] : hobbit.love.vedmochka+17 was inputed success
2019-19-11 13:37:56   INFO [pages.LasVegasPage] : Parol123 was inputed success
2019-19-11 13:37:56   INFO [pages.LasVegasPage] : Click was success
2019-19-11 13:38:00   INFO [pages.LasVegasPage] : kupil
2019-19-11 13:38:00   INFO [pages.LasVegasPage] : Prodovgziv
2019-19-11 13:42:07   INFO [pages.LasVegasPage] : Soglasen
2019-19-11 13:42:09   INFO [pages.LasVegasPage] : Propustil
2019-19-11 13:42:09   INFO [pages.LasVegasPage] : URA
2019-19-11 13:42:10   INFO [pages.LasVegasPage] : hobbit.love.vedmochka+17 was inputed success
2019-19-11 13:42:10   INFO [pages.LasVegasPage] : Parol123 was inputed success
2019-19-11 13:42:10   INFO [pages.LasVegasPage] : Click was success
2019-19-11 13:42:14   INFO [pages.LasVegasPage] : kupil
2019-19-11 13:42:15   INFO [pages.LasVegasPage] : Prodovgziv
2019-19-11 13:44:43   INFO [pages.LasVegasPage] : Soglasen
2019-19-11 13:44:45   INFO [pages.LasVegasPage] : Propustil
2019-19-11 13:44:45   INFO [pages.LasVegasPage] : URA
2019-19-11 13:44:45   INFO [pages.LasVegasPage] : hobbit.love.vedmochka+17 was inputed success
2019-19-11 13:44:45   INFO [pages.LasVegasPage] : Parol123 was inputed success
2019-19-11 13:44:46   INFO [pages.LasVegasPage] : Click was success
2019-19-11 13:45:20   INFO [pages.LasVegasPage] : Soglasen
2019-19-11 13:45:22   INFO [pages.LasVegasPage] : Propustil
2019-19-11 13:45:22   INFO [pages.LasVegasPage] : URA
2019-19-11 13:45:22   INFO [pages.LasVegasPage] : hobbit.love.vedmochka+17 was inputed success
2019-19-11 13:45:22   INFO [pages.LasVegasPage] : Parol123 was inputed success
2019-19-11 13:45:23   INFO [pages.LasVegasPage] : Click was success
2019-19-11 13:45:29   INFO [pages.LasVegasPage] : kupil
2019-19-11 13:45:29   INFO [pages.LasVegasPage] : Prodovgziv
2019-19-11 14:03:24   INFO [pages.LasVegasPage] : Soglasen
2019-19-11 14:03:26   INFO [pages.LasVegasPage] : Propustil
2019-19-11 14:03:26   INFO [pages.LasVegasPage] : URA
2019-19-11 14:03:26   INFO [pages.LasVegasPage] : hobbit.love.vedmochka+17 was inputed success
2019-19-11 14:03:27   INFO [pages.LasVegasPage] : Parol123 was inputed success
2019-19-11 14:03:27   INFO [pages.LasVegasPage] : Click was success
2019-19-11 14:03:32   INFO [pages.LasVegasPage] : kupil
2019-19-11 14:03:32   INFO [pages.LasVegasPage] : Prodovgziv
2019-19-11 14:04:29   INFO [pages.LasVegasPage] : Soglasen
2019-19-11 14:04:30   INFO [pages.LasVegasPage] : Propustil
2019-19-11 14:04:31   INFO [pages.LasVegasPage] : URA
2019-19-11 14:04:32   INFO [pages.LasVegasPage] : hobbit.love.vedmochka+17 was inputed success
2019-19-11 14:04:32   INFO [pages.LasVegasPage] : Parol123 was inputed success
2019-19-11 14:04:32   INFO [pages.LasVegasPage] : Click was success
2019-19-11 14:04:37   INFO [pages.LasVegasPage] : kupil
2019-19-11 14:04:38   INFO [pages.LasVegasPage] : Prodovgziv
2019-19-11 14:09:17   INFO [pages.LasVegasPage] : Soglasen
2019-19-11 14:09:18   INFO [pages.LasVegasPage] : Propustil
2019-19-11 14:09:18   INFO [pages.LasVegasPage] : URA
2019-19-11 14:09:19   INFO [pages.LasVegasPage] : hobbit.love.vedmochka+17 was inputed success
2019-19-11 14:09:19   INFO [pages.LasVegasPage] : Parol123 was inputed success
2019-19-11 14:09:19   INFO [pages.LasVegasPage] : Click was success
2019-19-11 14:09:55   INFO [pages.LasVegasPage] : Soglasen
2019-19-11 14:09:56   INFO [pages.LasVegasPage] : Propustil
2019-19-11 14:09:57   INFO [pages.LasVegasPage] : URA
2019-19-11 14:09:57   INFO [pages.LasVegasPage] : hobbit.love.vedmochka+17 was inputed success
2019-19-11 14:09:57   INFO [pages.LasVegasPage] : Parol123 was inputed success
2019-19-11 14:09:57   INFO [pages.LasVegasPage] : Click was success
2019-19-11 14:10:00   INFO [pages.LasVegasPage] : kupil
2019-19-11 14:10:01   INFO [pages.LasVegasPage] : Prodovgziv
2019-19-11 14:15:47   INFO [pages.LasVegasPage] : Soglasen
2019-19-11 14:15:49   INFO [pages.LasVegasPage] : Propustil
2019-19-11 14:15:49   INFO [pages.LasVegasPage] : URA
2019-19-11 14:15:49   INFO [pages.LasVegasPage] : hobbit.love.vedmochka+17 was inputed success
2019-19-11 14:15:49   INFO [pages.LasVegasPage] : Parol123 was inputed success
2019-19-11 14:15:50   INFO [pages.LasVegasPage] : Click was success
2019-19-11 14:15:57   INFO [pages.LasVegasPage] : kupil
2019-19-11 14:15:57   INFO [pages.LasVegasPage] : Prodovgziv
2019-19-11 14:20:52   INFO [pages.LasVegasPage] : Soglasen
2019-19-11 14:20:54   INFO [pages.LasVegasPage] : Propustil
2019-19-11 14:20:54   INFO [pages.LasVegasPage] : URA
2019-19-11 14:20:54   INFO [pages.LasVegasPage] : hobbit.love.vedmochka+17 was inputed success
2019-19-11 14:20:55   INFO [pages.LasVegasPage] : Parol123 was inputed success
2019-19-11 14:20:55   INFO [pages.LasVegasPage] : Click was success
2019-19-11 14:21:02   INFO [pages.LasVegasPage] : kupil
2019-19-11 14:21:03   INFO [pages.LasVegasPage] : Prodovgziv
2019-19-11 14:29:28   INFO [pages.LasVegasPage] : Soglasen
2019-19-11 14:29:30   INFO [pages.LasVegasPage] : Propustil
2019-19-11 14:29:30   INFO [pages.LasVegasPage] : URA
2019-19-11 14:29:30   INFO [pages.LasVegasPage] : hobbit.love.vedmochka+17 was inputed success
2019-19-11 14:29:31   INFO [pages.LasVegasPage] : Parol123 was inputed success
2019-19-11 14:29:31   INFO [pages.LasVegasPage] : Click was success
2019-19-11 14:29:54   INFO [pages.LasVegasPage] : Soglasen
2019-19-11 14:29:56   INFO [pages.LasVegasPage] : Propustil
2019-19-11 14:29:56   INFO [pages.LasVegasPage] : URA
2019-19-11 14:29:56   INFO [pages.LasVegasPage] : hobbit.love.vedmochka+17 was inputed success
2019-19-11 14:29:56   INFO [pages.LasVegasPage] : Parol123 was inputed success
2019-19-11 14:29:57   INFO [pages.LasVegasPage] : Click was success
2019-19-11 14:30:01   INFO [pages.LasVegasPage] : kupil
2019-19-11 14:30:01   INFO [pages.LasVegasPage] : Prodovgziv
2019-19-11 14:30:02   INFO [pages.LasVegasPage] : Razigral
2019-19-11 14:31:16   INFO [pages.LasVegasPage] : Soglasen
2019-19-11 14:31:17   INFO [pages.LasVegasPage] : Propustil
2019-19-11 14:31:17   INFO [pages.LasVegasPage] : URA
2019-19-11 14:31:17   INFO [pages.LasVegasPage] : hobbit.love.vedmochka+17 was inputed success
2019-19-11 14:31:18   INFO [pages.LasVegasPage] : Parol123 was inputed success
2019-19-11 14:31:18   INFO [pages.LasVegasPage] : Click was success
2019-19-11 14:31:22   INFO [pages.LasVegasPage] : kupil
2019-19-11 14:31:23   INFO [pages.LasVegasPage] : Prodovgziv
2019-19-11 14:31:24   INFO [pages.LasVegasPage] : zakril podskazku
2019-19-11 14:31:24   INFO [pages.LasVegasPage] : pochaly
2019-19-11 14:31:24   INFO [pages.LasVegasPage] : Razigral
2019-19-11 14:43:08   INFO [pages.LasVegasPage] : Soglasen
2019-19-11 14:43:10   INFO [pages.LasVegasPage] : Propustil
2019-19-11 14:43:10   INFO [pages.LasVegasPage] : URA
2019-19-11 14:43:11   INFO [pages.LasVegasPage] : hobbit.love.vedmochka+17 was inputed success
2019-19-11 14:43:11   INFO [pages.LasVegasPage] : Parol123 was inputed success
2019-19-11 14:43:11   INFO [pages.LasVegasPage] : Click was success
2019-19-11 14:43:15   INFO [pages.LasVegasPage] : kupil
2019-19-11 14:43:15   INFO [pages.LasVegasPage] : Prodovgziv
2019-19-11 14:43:16   INFO [pages.LasVegasPage] : zakril podskazku
2019-19-11 14:43:16   INFO [pages.LasVegasPage] : pochaly
2019-19-11 14:43:16   INFO [pages.LasVegasPage] : Razigral
2019-19-11 14:45:28   INFO [pages.LasVegasPage] : Soglasen
2019-19-11 14:45:30   INFO [pages.LasVegasPage] : Propustil
2019-19-11 14:45:30   INFO [pages.LasVegasPage] : URA
2019-19-11 14:45:30   INFO [pages.LasVegasPage] : hobbit.love.vedmochka+17 was inputed success
2019-19-11 14:45:30   INFO [pages.LasVegasPage] : Parol123 was inputed success
2019-19-11 14:45:31   INFO [pages.LasVegasPage] : Click was success
2019-19-11 14:45:36   INFO [pages.LasVegasPage] : kupil
2019-19-11 14:45:37   INFO [pages.LasVegasPage] : Prodovgziv
2019-19-11 14:45:37   INFO [pages.LasVegasPage] : zakril podskazku
2019-19-11 14:45:37   INFO [pages.LasVegasPage] : pochaly
2019-19-11 14:45:38   INFO [pages.LasVegasPage] : Razigral
2019-19-11 14:52:27   INFO [pages.LasVegasPage] : Soglasen
2019-19-11 14:52:29   INFO [pages.LasVegasPage] : Propustil
2019-19-11 14:52:29   INFO [pages.LasVegasPage] : URA
2019-19-11 14:52:30   INFO [pages.LasVegasPage] : hobbit.love.vedmochka+17 was inputed success
2019-19-11 14:52:30   INFO [pages.LasVegasPage] : Parol123 was inputed success
2019-19-11 14:52:30   INFO [pages.LasVegasPage] : Click was success
2019-19-11 14:52:37   INFO [pages.LasVegasPage] : kupil
2019-19-11 14:52:37   INFO [pages.LasVegasPage] : Prodovgziv
2019-19-11 14:52:38   INFO [pages.LasVegasPage] : zakril podskazku
2019-19-11 14:52:38   INFO [pages.LasVegasPage] : pochaly
2019-19-11 14:52:38   INFO [pages.LasVegasPage] : Razigral
2019-19-11 15:17:35   INFO [pages.LasVegasPage] : Soglasen
2019-19-11 15:17:37   INFO [pages.LasVegasPage] : Propustil
2019-19-11 15:17:37   INFO [pages.LasVegasPage] : URA
2019-19-11 15:17:37   INFO [pages.LasVegasPage] : hobbit.love.vedmochka+17 was inputed success
2019-19-11 15:17:37   INFO [pages.LasVegasPage] : Parol123 was inputed success
2019-19-11 15:17:37   INFO [pages.LasVegasPage] : Click was success
2019-19-11 15:17:42   INFO [pages.LasVegasPage] : count + 1
2019-19-11 15:17:42   INFO [pages.LasVegasPage] : kupil
2019-19-11 15:17:42   INFO [pages.LasVegasPage] : Prodovgziv
2019-19-11 15:20:08   INFO [pages.LasVegasPage] : Soglasen
2019-19-11 15:20:09   INFO [pages.LasVegasPage] : Propustil
2019-19-11 15:20:10   INFO [pages.LasVegasPage] : URA
2019-19-11 15:20:10   INFO [pages.LasVegasPage] : hobbit.love.vedmochka+17 was inputed success
2019-19-11 15:20:10   INFO [pages.LasVegasPage] : Parol123 was inputed success
2019-19-11 15:20:11   INFO [pages.LasVegasPage] : Click was success
2019-19-11 15:20:14   INFO [pages.LasVegasPage] : count + 1
2019-19-11 15:20:15   INFO [pages.LasVegasPage] : kupil
2019-19-11 15:20:15   INFO [pages.LasVegasPage] : Prodovgziv
2019-19-11 15:20:54   INFO [pages.LasVegasPage] : Soglasen
2019-19-11 15:20:56   INFO [pages.LasVegasPage] : Propustil
2019-19-11 15:20:56   INFO [pages.LasVegasPage] : URA
2019-19-11 15:20:56   INFO [pages.LasVegasPage] : hobbit.love.vedmochka+17 was inputed success
2019-19-11 15:20:57   INFO [pages.LasVegasPage] : Parol123 was inputed success
2019-19-11 15:20:57   INFO [pages.LasVegasPage] : Click was success
2019-19-11 15:21:03   INFO [pages.LasVegasPage] : kupil
2019-19-11 15:21:03   INFO [pages.LasVegasPage] : Prodovgziv
2019-19-11 15:21:04   INFO [pages.LasVegasPage] : zakril podskazku
2019-19-11 15:21:04   INFO [pages.LasVegasPage] : pochaly
2019-19-11 15:21:05   INFO [pages.LasVegasPage] : Razigral
2019-19-11 15:21:46   INFO [pages.LasVegasPage] : Soglasen
2019-19-11 15:21:48   INFO [pages.LasVegasPage] : Propustil
2019-19-11 15:21:48   INFO [pages.LasVegasPage] : URA
2019-19-11 15:21:48   INFO [pages.LasVegasPage] : hobbit.love.vedmochka+17 was inputed success
2019-19-11 15:21:48   INFO [pages.LasVegasPage] : Parol123 was inputed success
2019-19-11 15:21:48   INFO [pages.LasVegasPage] : Click was success
2019-19-11 15:21:52   INFO [pages.LasVegasPage] : count + 1
2019-19-11 15:21:53   INFO [pages.LasVegasPage] : kupil
2019-19-11 15:21:53   INFO [pages.LasVegasPage] : Prodovgziv
2019-19-11 16:06:43   INFO [pages.MegalotePage] : Mne net 18
2019-19-11 17:06:19   INFO [pages.MegalotePage] : Mne est 18
2019-19-11 17:12:54   INFO [pages.MegalotePage] : Mne est 18
2019-19-11 17:12:55   INFO [pages.MegalotePage] : zakryl tutorial
2019-19-11 17:20:20   INFO [pages.MegalotePage] : Mne est 18
2019-19-11 17:20:20   INFO [pages.MegalotePage] : zakryl tutorial
2019-19-11 17:21:13   INFO [pages.MegalotePage] : Mne est 18
2019-19-11 17:21:13   INFO [pages.MegalotePage] : zakryl tutorial
2019-19-11 17:22:06   INFO [pages.MegalotePage] : Mne est 18
2019-19-11 17:22:06   INFO [pages.MegalotePage] : zakryl tutorial
2019-19-11 17:24:35   INFO [pages.MegalotePage] : Mne net 18
2019-19-11 17:25:28   INFO [pages.MegalotePage] : Mne est 18
2019-19-11 17:25:28   INFO [pages.MegalotePage] : zakryl tutorial
2019-19-11 17:49:30   INFO [pages.KarePage] : Mne net 18
2019-21-11 14:05:35   INFO [pages.KarePage] : Mne net 18
2019-21-11 15:11:53   INFO [libs.ActionsWithElements] : Element was clicked
2019-21-11 15:11:53  ERROR [libs.ActionsWithElements] : Can't work with element 
2019-21-11 15:12:16   INFO [libs.ActionsWithElements] : Element was clicked
2019-21-11 15:12:16  ERROR [libs.ActionsWithElements] : Can't work with element 
2019-21-11 15:12:51   INFO [libs.ActionsWithElements] : Element was clicked
2019-21-11 15:12:51  ERROR [libs.ActionsWithElements] : Can't work with element 
2019-21-11 15:15:38   INFO [libs.ActionsWithElements] : Element was clicked
2019-21-11 15:15:43  ERROR [libs.ActionsWithElements] : Can't work with element 
2019-21-11 15:19:26   INFO [libs.ActionsWithElements] : Element was clicked
2019-21-11 15:19:27  ERROR [libs.ActionsWithElements] : Can't work with element 
2019-21-11 15:20:42   INFO [libs.ActionsWithElements] : Element was clicked
2019-21-11 15:20:42  ERROR [libs.ActionsWithElements] : Can't work with element 
